[0511/161311.165:ERROR:audio_rtp_receiver.cc(89)] AudioRtpReceiver::OnSetVolume: No audio channel exists.
[0511/161311.166:WARNING:used_ids.h(55)] Duplicate id found. Reassigning from 104 to 127
[0511/161311.166:WARNING:used_ids.h(55)] Duplicate id found. Reassigning from 102 to 125
[0511/161311.166:WARNING:used_ids.h(55)] Duplicate id found. Reassigning from 104 to 124
[0511/161311.166:WARNING:used_ids.h(55)] Duplicate id found. Reassigning from 106 to 123
[0511/161311.166:WARNING:used_ids.h(55)] Duplicate id found. Reassigning from 103 to 122
[0511/161311.166:WARNING:used_ids.h(55)] Duplicate id found. Reassigning from 105 to 121
[0511/161311.166:WARNING:used_ids.h(55)] Duplicate id found. Reassigning from 109 to 120
[0511/161311.166:WARNING:used_ids.h(55)] Duplicate id found. Reassigning from 1 to 14
[0511/161311.166:WARNING:used_ids.h(55)] Duplicate id found. Reassigning from 3 to 13
[0511/161311.166:WARNING:used_ids.h(55)] Duplicate id found. Reassigning from 5 to 12
[0511/161311.166:WARNING:used_ids.h(55)] Duplicate id found. Reassigning from 6 to 11
[0511/161346.178:ERROR:audio_rtp_receiver.cc(89)] AudioRtpReceiver::OnSetVolume: No audio channel exists.
[0511/161346.178:WARNING:used_ids.h(55)] Duplicate id found. Reassigning from 104 to 127
[0511/161346.178:WARNING:used_ids.h(55)] Duplicate id found. Reassigning from 102 to 125
[0511/161346.178:WARNING:used_ids.h(55)] Duplicate id found. Reassigning from 104 to 124
[0511/161346.178:WARNING:used_ids.h(55)] Duplicate id found. Reassigning from 106 to 123
[0511/161346.178:WARNING:used_ids.h(55)] Duplicate id found. Reassigning from 103 to 122
[0511/161346.178:WARNING:used_ids.h(55)] Duplicate id found. Reassigning from 105 to 121
[0511/161346.178:WARNING:used_ids.h(55)] Duplicate id found. Reassigning from 109 to 120
[0511/161346.178:WARNING:used_ids.h(55)] Duplicate id found. Reassigning from 1 to 14
[0511/161346.178:WARNING:used_ids.h(55)] Duplicate id found. Reassigning from 3 to 13
[0511/161346.178:WARNING:used_ids.h(55)] Duplicate id found. Reassigning from 5 to 12
[0511/161346.178:WARNING:used_ids.h(55)] Duplicate id found. Reassigning from 6 to 11
[0511/161351.302:ERROR:ssl_client_socket_impl.cc(959)] handshake failed; returned -1, SSL error code 1, net_error -101
[0511/161351.443:ERROR:ssl_client_socket_impl.cc(959)] handshake failed; returned -1, SSL error code 1, net_error -101
[0511/161352.524:ERROR:ssl_client_socket_impl.cc(959)] handshake failed; returned -1, SSL error code 1, net_error -101
[0511/161352.544:ERROR:ssl_client_socket_impl.cc(959)] handshake failed; returned -1, SSL error code 1, net_error -101
[0511/161352.636:ERROR:ssl_client_socket_impl.cc(959)] handshake failed; returned -1, SSL error code 1, net_error -101
[0511/161352.656:ERROR:ssl_client_socket_impl.cc(959)] handshake failed; returned -1, SSL error code 1, net_error -101
[0511/161352.989:ERROR:batching_media_log.cc(38)] MediaEvent: {"error":"FFmpegDemuxer: no supported streams"}
[0511/161352.989:ERROR:batching_media_log.cc(35)] MediaEvent: {"pipeline_error":14}
[0511/161353.054:ERROR:batching_media_log.cc(38)] MediaEvent: {"error":"FFmpegDemuxer: no supported streams"}
[0511/161353.054:ERROR:batching_media_log.cc(35)] MediaEvent: {"pipeline_error":14}
[0511/161553.603:ERROR:ssl_client_socket_impl.cc(959)] handshake failed; returned -1, SSL error code 1, net_error -101
[0511/161553.681:ERROR:ssl_client_socket_impl.cc(959)] handshake failed; returned -1, SSL error code 1, net_error -101
[0511/161754.568:ERROR:ssl_client_socket_impl.cc(959)] handshake failed; returned -1, SSL error code 1, net_error -101
[0511/161754.664:ERROR:ssl_client_socket_impl.cc(959)] handshake failed; returned -1, SSL error code 1, net_error -101
